{
  "stats": {
    "suites": 10,
    "tests": 12,
    "passes": 11,
    "pending": 0,
    "failures": 1,
    "start": "2022-05-12T13:55:14.574Z",
    "end": "2022-05-12T13:55:24.911Z",
    "duration": 10337,
    "testsRegistered": 12,
    "passPercent": 91.66666666666666,
    "pendingPercent": 0,
    "other": 0,
    "hasOther": false,
    "skipped": 0,
    "hasSkipped": false
  },
  "results": [
    {
      "uuid": "a6c63b64-fb7e-45a2-a1a0-283bad913225",
      "title": "",
      "fullFile": "cypress/integration/2-advanced-examples/cypress_api.spec.js",
      "file": "cypress/integration/2-advanced-examples/cypress_api.spec.js",
      "beforeHooks": [],
      "afterHooks": [],
      "tests": [],
      "suites": [
        {
          "uuid": "3f2b606a-7e9e-4496-82f6-5e5ac165f93d",
          "title": "Cypress.Commands",
          "fullFile": "",
          "file": "",
          "beforeHooks": [],
          "afterHooks": [],
          "tests": [
            {
              "title": ".add() - create a custom command",
              "fullTitle": "Cypress.Commands .add() - create a custom command",
              "timedOut": null,
              "duration": 848,
              "state": "passed",
              "speed": "fast",
              "pass": true,
              "fail": false,
              "pending": false,
              "context": null,
              "code": "Cypress.Commands.add('console', {\n  prevSubject: true\n}, (subject, method) => {\n  // the previous subject is automatically received\n  // and the commands arguments are shifted\n  // allow us to change the console method used\n  method = method || 'log'; // log the subject to the console\n  console[method]('The subject is', subject); // whatever we return becomes the new subject\n  // we don't want to change the subject so\n  // we return whatever was passed in\n  return subject;\n});\ncy.get('button').console('info').then($button => {// subject is still $button\n});",
              "err": {},
              "uuid": "747b3fcb-dc52-4bad-b2c0-71301919b3e5",
              "parentUUID": "3f2b606a-7e9e-4496-82f6-5e5ac165f93d",
              "isHook": false,
              "skipped": false
            }
          ],
          "suites": [],
          "passes": [
            "747b3fcb-dc52-4bad-b2c0-71301919b3e5"
          ],
          "failures": [],
          "pending": [],
          "skipped": [],
          "duration": 848,
          "root": false,
          "rootEmpty": false,
          "_timeout": 2000
        },
        {
          "uuid": "0a744771-acfd-4436-aefe-34697b07799f",
          "title": "Cypress.Cookies",
          "fullFile": "",
          "file": "",
          "beforeHooks": [],
          "afterHooks": [],
          "tests": [
            {
              "title": ".debug() - enable or disable debugging",
              "fullTitle": "Cypress.Cookies .debug() - enable or disable debugging",
              "timedOut": null,
              "duration": 531,
              "state": "passed",
              "speed": "fast",
              "pass": true,
              "fail": false,
              "pending": false,
              "context": null,
              "code": "Cypress.Cookies.debug(true); // Cypress will now log in the console when\n// cookies are set or cleared\ncy.setCookie('fakeCookie', '123ABC');\ncy.clearCookie('fakeCookie');\ncy.setCookie('fakeCookie', '123ABC');\ncy.clearCookie('fakeCookie');\ncy.setCookie('fakeCookie', '123ABC');",
              "err": {},
              "uuid": "a65669b2-b5a7-49d6-8f7d-35d0922e5755",
              "parentUUID": "0a744771-acfd-4436-aefe-34697b07799f",
              "isHook": false,
              "skipped": false
            },
            {
              "title": ".preserveOnce() - preserve cookies by key",
              "fullTitle": "Cypress.Cookies .preserveOnce() - preserve cookies by key",
              "timedOut": null,
              "duration": 1002,
              "state": "passed",
              "speed": "fast",
              "pass": true,
              "fail": false,
              "pending": false,
              "context": null,
              "code": "// normally cookies are reset after each test\ncy.getCookie('fakeCookie').should('not.be.ok'); // preserving a cookie will not clear it when\n// the next test starts\ncy.setCookie('lastCookie', '789XYZ');\nCypress.Cookies.preserveOnce('lastCookie');",
              "err": {},
              "uuid": "ec9524a1-3571-4eb2-afe8-7445eb67638b",
              "parentUUID": "0a744771-acfd-4436-aefe-34697b07799f",
              "isHook": false,
              "skipped": false
            },
            {
              "title": ".defaults() - set defaults for all cookies",
              "fullTitle": "Cypress.Cookies .defaults() - set defaults for all cookies",
              "timedOut": null,
              "duration": 482,
              "state": "passed",
              "speed": "fast",
              "pass": true,
              "fail": false,
              "pending": false,
              "context": null,
              "code": "// now any cookie with the name 'session_id' will\n// not be cleared before each new test runs\nCypress.Cookies.defaults({\n  preserve: 'session_id'\n});",
              "err": {},
              "uuid": "6a529e4d-ce98-4a1c-b870-e035a2dcde3a",
              "parentUUID": "0a744771-acfd-4436-aefe-34697b07799f",
              "isHook": false,
              "skipped": false
            }
          ],
          "suites": [],
          "passes": [
            "a65669b2-b5a7-49d6-8f7d-35d0922e5755",
            "ec9524a1-3571-4eb2-afe8-7445eb67638b",
            "6a529e4d-ce98-4a1c-b870-e035a2dcde3a"
          ],
          "failures": [],
          "pending": [],
          "skipped": [],
          "duration": 2015,
          "root": false,
          "rootEmpty": false,
          "_timeout": 2000
        },
        {
          "uuid": "0d2630f8-b155-4168-9e48-a7a51cbc8148",
          "title": "Cypress.arch",
          "fullFile": "",
          "file": "",
          "beforeHooks": [],
          "afterHooks": [],
          "tests": [
            {
              "title": "Get CPU architecture name of underlying OS",
              "fullTitle": "Cypress.arch Get CPU architecture name of underlying OS",
              "timedOut": null,
              "duration": 702,
              "state": "passed",
              "speed": "fast",
              "pass": true,
              "fail": false,
              "pending": false,
              "context": null,
              "code": "// https://on.cypress.io/arch\nexpect(Cypress.arch).to.exist;",
              "err": {},
              "uuid": "75576b5b-2e3d-44ff-ab5d-15a93a0d8e04",
              "parentUUID": "0d2630f8-b155-4168-9e48-a7a51cbc8148",
              "isHook": false,
              "skipped": false
            }
          ],
          "suites": [],
          "passes": [
            "75576b5b-2e3d-44ff-ab5d-15a93a0d8e04"
          ],
          "failures": [],
          "pending": [],
          "skipped": [],
          "duration": 702,
          "root": false,
          "rootEmpty": false,
          "_timeout": 2000
        },
        {
          "uuid": "ffc715e8-a9aa-49d0-a09b-faf694c4328b",
          "title": "Cypress.config()",
          "fullFile": "",
          "file": "",
          "beforeHooks": [],
          "afterHooks": [],
          "tests": [
            {
              "title": "Get and set configuration options",
              "fullTitle": "Cypress.config() Get and set configuration options",
              "timedOut": null,
              "duration": 1086,
              "state": "failed",
              "speed": null,
              "pass": false,
              "fail": true,
              "pending": false,
              "context": null,
              "code": "// https://on.cypress.io/config\nlet myConfig = Cypress.config();\nexpect(myConfig).to.have.property('animationDistanceThreshold', 5);\nexpect(myConfig).to.have.property('baseUrl', null);\nexpect(myConfig).to.have.property('defaultCommandTimeout', 4000);\nexpect(myConfig).to.have.property('requestTimeout', 5000);\nexpect(myConfig).to.have.property('responseTimeout', 30000);\nexpect(myConfig).to.have.property('viewportHeight', 660);\nexpect(myConfig).to.have.property('viewportWidth', 1000);\nexpect(myConfig).to.have.property('pageLoadTimeout', 60000);\nexpect(myConfig).to.have.property('waitForAnimations', true);\nexpect(Cypress.config('pageLoadTimeout')).to.eq(60000); // this will change the config for the rest of your tests!\nCypress.config('pageLoadTimeout', 20000);\nexpect(Cypress.config('pageLoadTimeout')).to.eq(20000);\nCypress.config('pageLoadTimeout', 60000);",
              "err": {
                "message": "AssertionError: expected { Object (baseUrl, viewportWidth, ...) } to have property 'baseUrl' of null, but got 'http://localhost:3000'",
                "estack": "AssertionError: expected { Object (baseUrl, viewportWidth, ...) } to have property 'baseUrl' of null, but got 'http://localhost:3000'\n    at Context.eval (https://example.cypress.io/__cypress/tests?p=cypress/integration/2-advanced-examples/cypress_api.spec.js:172:30)",
                "diff": null
              },
              "uuid": "d77d9cdf-b577-4b83-ab12-d30d2b2935a8",
              "parentUUID": "ffc715e8-a9aa-49d0-a09b-faf694c4328b",
              "isHook": false,
              "skipped": false
            }
          ],
          "suites": [],
          "passes": [],
          "failures": [
            "d77d9cdf-b577-4b83-ab12-d30d2b2935a8"
          ],
          "pending": [],
          "skipped": [],
          "duration": 1086,
          "root": false,
          "rootEmpty": false,
          "_timeout": 2000
        },
        {
          "uuid": "31833067-b417-4f6b-bd32-e3fac1b0c5e6",
          "title": "Cypress.dom",
          "fullFile": "",
          "file": "",
          "beforeHooks": [],
          "afterHooks": [],
          "tests": [
            {
              "title": ".isHidden() - determine if a DOM element is hidden",
              "fullTitle": "Cypress.dom .isHidden() - determine if a DOM element is hidden",
              "timedOut": null,
              "duration": 507,
              "state": "passed",
              "speed": "fast",
              "pass": true,
              "fail": false,
              "pending": false,
              "context": null,
              "code": "let hiddenP = Cypress.$('.dom-p p.hidden').get(0);\nlet visibleP = Cypress.$('.dom-p p.visible').get(0); // our first paragraph has css class 'hidden'\nexpect(Cypress.dom.isHidden(hiddenP)).to.be.true;\nexpect(Cypress.dom.isHidden(visibleP)).to.be.false;",
              "err": {},
              "uuid": "fd69c1bf-961a-4e53-9e4e-2f61822163ea",
              "parentUUID": "31833067-b417-4f6b-bd32-e3fac1b0c5e6",
              "isHook": false,
              "skipped": false
            }
          ],
          "suites": [],
          "passes": [
            "fd69c1bf-961a-4e53-9e4e-2f61822163ea"
          ],
          "failures": [],
          "pending": [],
          "skipped": [],
          "duration": 507,
          "root": false,
          "rootEmpty": false,
          "_timeout": 2000
        },
        {
          "uuid": "80fed3fc-96f9-485d-9154-3e1a0b447a1b",
          "title": "Cypress.env()",
          "fullFile": "",
          "file": "",
          "beforeHooks": [],
          "afterHooks": [],
          "tests": [
            {
              "title": "Get environment variables",
              "fullTitle": "Cypress.env() Get environment variables",
              "timedOut": null,
              "duration": 576,
              "state": "passed",
              "speed": "fast",
              "pass": true,
              "fail": false,
              "pending": false,
              "context": null,
              "code": "// https://on.cypress.io/env\n// set multiple environment variables\nCypress.env({\n  host: 'veronica.dev.local',\n  api_server: 'http://localhost:8888/v1/'\n}); // get environment variable\nexpect(Cypress.env('host')).to.eq('veronica.dev.local'); // set environment variable\nCypress.env('api_server', 'http://localhost:8888/v2/');\nexpect(Cypress.env('api_server')).to.eq('http://localhost:8888/v2/'); // get all environment variable\nexpect(Cypress.env()).to.have.property('host', 'veronica.dev.local');\nexpect(Cypress.env()).to.have.property('api_server', 'http://localhost:8888/v2/');",
              "err": {},
              "uuid": "e09308f5-dee1-47be-831d-041879c60d70",
              "parentUUID": "80fed3fc-96f9-485d-9154-3e1a0b447a1b",
              "isHook": false,
              "skipped": false
            }
          ],
          "suites": [],
          "passes": [
            "e09308f5-dee1-47be-831d-041879c60d70"
          ],
          "failures": [],
          "pending": [],
          "skipped": [],
          "duration": 576,
          "root": false,
          "rootEmpty": false,
          "_timeout": 2000
        },
        {
          "uuid": "d1df7b8e-6981-456c-ab93-8075d97954ad",
          "title": "Cypress.log",
          "fullFile": "",
          "file": "",
          "beforeHooks": [],
          "afterHooks": [],
          "tests": [
            {
              "title": "Control what is printed to the Command Log",
              "fullTitle": "Cypress.log Control what is printed to the Command Log",
              "timedOut": null,
              "duration": 429,
              "state": "passed",
              "speed": "fast",
              "pass": true,
              "fail": false,
              "pending": false,
              "context": null,
              "code": "// https://on.cypress.io/cypress-log",
              "err": {},
              "uuid": "a7fe9664-bbf7-4778-8dcf-2143ad38daa2",
              "parentUUID": "d1df7b8e-6981-456c-ab93-8075d97954ad",
              "isHook": false,
              "skipped": false
            }
          ],
          "suites": [],
          "passes": [
            "a7fe9664-bbf7-4778-8dcf-2143ad38daa2"
          ],
          "failures": [],
          "pending": [],
          "skipped": [],
          "duration": 429,
          "root": false,
          "rootEmpty": false,
          "_timeout": 2000
        },
        {
          "uuid": "20893ea4-695b-4a9a-93b9-36aaf2407771",
          "title": "Cypress.platform",
          "fullFile": "",
          "file": "",
          "beforeHooks": [],
          "afterHooks": [],
          "tests": [
            {
              "title": "Get underlying OS name",
              "fullTitle": "Cypress.platform Get underlying OS name",
              "timedOut": null,
              "duration": 425,
              "state": "passed",
              "speed": "fast",
              "pass": true,
              "fail": false,
              "pending": false,
              "context": null,
              "code": "// https://on.cypress.io/platform\nexpect(Cypress.platform).to.be.exist;",
              "err": {},
              "uuid": "eabe34bb-4565-4302-adb9-19dea1cf0f2e",
              "parentUUID": "20893ea4-695b-4a9a-93b9-36aaf2407771",
              "isHook": false,
              "skipped": false
            }
          ],
          "suites": [],
          "passes": [
            "eabe34bb-4565-4302-adb9-19dea1cf0f2e"
          ],
          "failures": [],
          "pending": [],
          "skipped": [],
          "duration": 425,
          "root": false,
          "rootEmpty": false,
          "_timeout": 2000
        },
        {
          "uuid": "bef76221-4002-469e-b36a-588a817f36c0",
          "title": "Cypress.version",
          "fullFile": "",
          "file": "",
          "beforeHooks": [],
          "afterHooks": [],
          "tests": [
            {
              "title": "Get current version of Cypress being run",
              "fullTitle": "Cypress.version Get current version of Cypress being run",
              "timedOut": null,
              "duration": 449,
              "state": "passed",
              "speed": "fast",
              "pass": true,
              "fail": false,
              "pending": false,
              "context": null,
              "code": "// https://on.cypress.io/version\nexpect(Cypress.version).to.be.exist;",
              "err": {},
              "uuid": "a2e1347c-d2f5-48a4-900e-748c05c5fd98",
              "parentUUID": "bef76221-4002-469e-b36a-588a817f36c0",
              "isHook": false,
              "skipped": false
            }
          ],
          "suites": [],
          "passes": [
            "a2e1347c-d2f5-48a4-900e-748c05c5fd98"
          ],
          "failures": [],
          "pending": [],
          "skipped": [],
          "duration": 449,
          "root": false,
          "rootEmpty": false,
          "_timeout": 2000
        },
        {
          "uuid": "be89d3b1-0650-4af8-adc8-00e2fb126fd4",
          "title": "Cypress.spec",
          "fullFile": "",
          "file": "",
          "beforeHooks": [],
          "afterHooks": [],
          "tests": [
            {
              "title": "Get current spec information",
              "fullTitle": "Cypress.spec Get current spec information",
              "timedOut": null,
              "duration": 645,
              "state": "passed",
              "speed": "fast",
              "pass": true,
              "fail": false,
              "pending": false,
              "context": null,
              "code": "// https://on.cypress.io/spec\n// wrap the object so we can inspect it easily by clicking in the command log\ncy.wrap(Cypress.spec).should('include.keys', ['name', 'relative', 'absolute']);",
              "err": {},
              "uuid": "f7ef69e7-cbdc-444e-a9fb-ce65575e29cc",
              "parentUUID": "be89d3b1-0650-4af8-adc8-00e2fb126fd4",
              "isHook": false,
              "skipped": false
            }
          ],
          "suites": [],
          "passes": [
            "f7ef69e7-cbdc-444e-a9fb-ce65575e29cc"
          ],
          "failures": [],
          "pending": [],
          "skipped": [],
          "duration": 645,
          "root": false,
          "rootEmpty": false,
          "_timeout": 2000
        }
      ],
      "passes": [],
      "failures": [],
      "pending": [],
      "skipped": [],
      "duration": 0,
      "root": true,
      "rootEmpty": true,
      "_timeout": 2000
    }
  ],
  "meta": {
    "mocha": {
      "version": "7.0.1"
    },
    "mochawesome": {
      "options": {
        "quiet": false,
        "reportFilename": "mochawesome",
        "saveHtml": false,
        "saveJson": true,
        "consoleReporter": "spec",
        "useInlineDiffs": false,
        "code": true
      },
      "version": "7.1.3"
    },
    "marge": {
      "options": {
        "id": "default",
        "reportDir": "cypress/report/mochawesome-report",
        "quite": true,
        "overwrite": false,
        "html": false,
        "json": true
      },
      "version": "6.2.0"
    }
  }
}